<?xml version="1.0" encoding="UTF-8"?>
<coverage generated="1505667650392" clover="3.2.0">
  <project timestamp="1505667650393" name="All files">
    <metrics statements="89" coveredstatements="23" conditionals="51" coveredconditionals="19" methods="45" coveredmethods="9" elements="185" coveredelements="51" complexity="0" loc="89" ncloc="89" packages="1" files="12" classes="12">
      <file name="App.js" path="/Users/Wellington/Desktop/desafios/udacity/udacity-react-nanodegree/reactnd-project-myreads-starter/src/App.js">
        <metrics statements="9" coveredstatements="0" conditionals="4" coveredconditionals="0" methods="7" coveredmethods="0"/>
        <line num="1" count="0" type="stmt"/>
        <line num="6" count="0" type="cond" truecount="0" falsecount="4"/>
        <line num="8" count="0" type="stmt"/>
        <line num="55" count="0" type="stmt"/>
        <line num="64" count="0" type="stmt"/>
        <line num="66" count="0" type="stmt"/>
        <line num="69" count="0" type="stmt"/>
        <line num="77" count="0" type="stmt"/>
        <line num="81" count="0" type="stmt"/>
      </file>
      <file name="Book.js" path="/Users/Wellington/Desktop/desafios/udacity/udacity-react-nanodegree/reactnd-project-myreads-starter/src/Book.js">
        <metrics statements="23" coveredstatements="23" conditionals="19" coveredconditionals="19" methods="9" coveredmethods="9"/>
        <line num="20" count="6" type="stmt"/>
        <line num="24" count="6" type="stmt"/>
        <line num="25" count="6" type="stmt"/>
        <line num="26" count="6" type="stmt"/>
        <line num="28" count="6" type="stmt"/>
        <line num="30" count="6" type="cond" truecount="5" falsecount="0"/>
        <line num="31" count="5" type="stmt"/>
        <line num="32" count="5" type="stmt"/>
        <line num="33" count="5" type="stmt"/>
        <line num="35" count="5" type="cond" truecount="2" falsecount="0"/>
        <line num="36" count="1" type="stmt"/>
        <line num="37" count="4" type="cond" truecount="2" falsecount="0"/>
        <line num="38" count="1" type="stmt"/>
        <line num="39" count="3" type="cond" truecount="2" falsecount="0"/>
        <line num="40" count="2" type="stmt"/>
        <line num="44" count="6" type="stmt"/>
        <line num="48" count="1" type="stmt"/>
        <line num="52" count="6" type="cond" truecount="4" falsecount="0"/>
        <line num="53" count="3" type="stmt"/>
        <line num="55" count="3" type="stmt"/>
        <line num="61" count="6" type="stmt"/>
        <line num="63" count="6" type="stmt"/>
        <line num="74" count="10" type="stmt"/>
      </file>
      <file name="BookList.js" path="/Users/Wellington/Desktop/desafios/udacity/udacity-react-nanodegree/reactnd-project-myreads-starter/src/BookList.js">
        <metrics statements="5" coveredstatements="0" conditionals="4" coveredconditionals="0" methods="2" coveredmethods="0"/>
        <line num="1" count="0" type="stmt"/>
        <line num="5" count="0" type="cond" truecount="0" falsecount="4"/>
        <line num="7" count="0" type="stmt"/>
        <line num="30" count="0" type="stmt"/>
        <line num="32" count="0" type="stmt"/>
      </file>
      <file name="BooksAPI.js" path="/Users/Wellington/Desktop/desafios/udacity/udacity-react-nanodegree/reactnd-project-myreads-starter/src/BooksAPI.js">
        <metrics statements="21" coveredstatements="0" conditionals="2" coveredconditionals="0" methods="11" coveredmethods="0"/>
        <line num="1" count="0" type="stmt"/>
        <line num="2" count="0" type="stmt"/>
        <line num="6" count="0" type="stmt"/>
        <line num="7" count="0" type="cond" truecount="0" falsecount="2"/>
        <line num="8" count="0" type="stmt"/>
        <line num="10" count="0" type="stmt"/>
        <line num="15" count="0" type="stmt"/>
        <line num="16" count="0" type="stmt"/>
        <line num="17" count="0" type="stmt"/>
        <line num="18" count="0" type="stmt"/>
        <line num="20" count="0" type="stmt"/>
        <line num="21" count="0" type="stmt"/>
        <line num="22" count="0" type="stmt"/>
        <line num="23" count="0" type="stmt"/>
        <line num="25" count="0" type="stmt"/>
        <line num="26" count="0" type="stmt"/>
        <line num="33" count="0" type="stmt"/>
        <line num="35" count="0" type="stmt"/>
        <line num="36" count="0" type="stmt"/>
        <line num="43" count="0" type="stmt"/>
        <line num="44" count="0" type="stmt"/>
      </file>
      <file name="BooksGrid.js" path="/Users/Wellington/Desktop/desafios/udacity/udacity-react-nanodegree/reactnd-project-myreads-starter/src/BooksGrid.js">
        <metrics statements="5" coveredstatements="0" conditionals="4" coveredconditionals="0" methods="3" coveredmethods="0"/>
        <line num="1" count="0" type="stmt"/>
        <line num="3" count="0" type="cond" truecount="0" falsecount="4"/>
        <line num="26" count="0" type="stmt"/>
        <line num="28" count="0" type="stmt"/>
        <line num="31" count="0" type="stmt"/>
      </file>
      <file name="Bookshelf.js" path="/Users/Wellington/Desktop/desafios/udacity/udacity-react-nanodegree/reactnd-project-myreads-starter/src/Bookshelf.js">
        <metrics statements="4" coveredstatements="0" conditionals="4" coveredconditionals="0" methods="2" coveredmethods="0"/>
        <line num="1" count="0" type="stmt"/>
        <line num="3" count="0" type="cond" truecount="0" falsecount="4"/>
        <line num="19" count="0" type="stmt"/>
        <line num="21" count="0" type="stmt"/>
      </file>
      <file name="BookshelfChanger.js" path="/Users/Wellington/Desktop/desafios/udacity/udacity-react-nanodegree/reactnd-project-myreads-starter/src/BookshelfChanger.js">
        <metrics statements="4" coveredstatements="0" conditionals="0" coveredconditionals="0" methods="2" coveredmethods="0"/>
        <line num="12" count="0" type="stmt"/>
        <line num="13" count="0" type="stmt"/>
        <line num="17" count="0" type="stmt"/>
        <line num="18" count="0" type="stmt"/>
      </file>
      <file name="If.js" path="/Users/Wellington/Desktop/desafios/udacity/udacity-react-nanodegree/reactnd-project-myreads-starter/src/If.js">
        <metrics statements="1" coveredstatements="0" conditionals="2" coveredconditionals="0" methods="1" coveredmethods="0"/>
        <line num="1" count="0" type="cond" truecount="0" falsecount="2"/>
      </file>
      <file name="SearchBooks.js" path="/Users/Wellington/Desktop/desafios/udacity/udacity-react-nanodegree/reactnd-project-myreads-starter/src/SearchBooks.js">
        <metrics statements="6" coveredstatements="0" conditionals="4" coveredconditionals="0" methods="2" coveredmethods="0"/>
        <line num="1" count="0" type="stmt"/>
        <line num="5" count="0" type="cond" truecount="0" falsecount="4"/>
        <line num="7" count="0" type="stmt"/>
        <line num="52" count="0" type="stmt"/>
        <line num="54" count="0" type="stmt"/>
        <line num="56" count="0" type="stmt"/>
      </file>
      <file name="SearchBooksBar.js" path="/Users/Wellington/Desktop/desafios/udacity/udacity-react-nanodegree/reactnd-project-myreads-starter/src/SearchBooksBar.js">
        <metrics statements="6" coveredstatements="0" conditionals="4" coveredconditionals="0" methods="4" coveredmethods="0"/>
        <line num="1" count="0" type="stmt"/>
        <line num="2" count="0" type="cond" truecount="0" falsecount="4"/>
        <line num="27" count="0" type="stmt"/>
        <line num="29" count="0" type="stmt"/>
        <line num="31" count="0" type="stmt"/>
        <line num="37" count="0" type="stmt"/>
      </file>
      <file name="SearchBooksResults.js" path="/Users/Wellington/Desktop/desafios/udacity/udacity-react-nanodegree/reactnd-project-myreads-starter/src/SearchBooksResults.js">
        <metrics statements="4" coveredstatements="0" conditionals="4" coveredconditionals="0" methods="2" coveredmethods="0"/>
        <line num="1" count="0" type="stmt"/>
        <line num="3" count="0" type="cond" truecount="0" falsecount="4"/>
        <line num="26" count="0" type="stmt"/>
        <line num="28" count="0" type="stmt"/>
      </file>
      <file name="index.js" path="/Users/Wellington/Desktop/desafios/udacity/udacity-react-nanodegree/reactnd-project-myreads-starter/src/index.js">
        <metrics statements="1" coveredstatements="0" conditionals="0" coveredconditionals="0" methods="0" coveredmethods="0"/>
        <line num="1" count="0" type="stmt"/>
      </file>
    </metrics>
  </project>
</coverage>
