{"/Users/Wellington/Desktop/desafios/udacity/udacity-react-nanodegree/reactnd-project-myreads-starter/src/App.js": {"path":"/Users/Wellington/Desktop/desafios/udacity/udacity-react-nanodegree/reactnd-project-myreads-starter/src/App.js","statementMap":{"0":{"start":{"line":1,"column":39},"end":{"line":1,"column":101}},"1":{"start":{"line":1,"column":120},"end":{"line":1,"column":232}},"2":{"start":{"line":6,"column":397},"end":{"line":6,"column":451}},"3":{"start":{"line":8,"column":22},"end":{"line":11,"column":16}},"4":{"start":{"line":55,"column":35},"end":{"line":55,"column":129}},"5":{"start":{"line":55,"column":68},"end":{"line":55,"column":102}},"6":{"start":{"line":55,"column":102},"end":{"line":55,"column":126}},"7":{"start":{"line":64,"column":4},"end":{"line":64,"column":14}},"8":{"start":{"line":66,"column":4},"end":{"line":82,"column":213}},"9":{"start":{"line":69,"column":36},"end":{"line":74,"column":139}},"10":{"start":{"line":77,"column":36},"end":{"line":82,"column":139}},"11":{"start":{"line":81,"column":34},"end":{"line":81,"column":52}}},"fnMap":{"0":{"name":"_interopRequireDefault","decl":{"start":{"line":6,"column":368},"end":{"line":6,"column":390}},"loc":{"start":{"line":6,"column":396},"end":{"line":6,"column":452}},"line":6},"1":{"name":"(anonymous_1)","decl":{"start":{"line":55,"column":14},"end":{"line":55,"column":15}},"loc":{"start":{"line":55,"column":34},"end":{"line":55,"column":130}},"line":55},"2":{"name":"(anonymous_2)","decl":{"start":{"line":55,"column":58},"end":{"line":55,"column":59}},"loc":{"start":{"line":55,"column":67},"end":{"line":55,"column":127}},"line":55},"3":{"name":"(anonymous_3)","decl":{"start":{"line":57,"column":2},"end":{"line":57,"column":3}},"loc":{"start":{"line":57,"column":11},"end":{"line":86,"column":3}},"line":57},"4":{"name":"(anonymous_4)","decl":{"start":{"line":68,"column":200},"end":{"line":68,"column":201}},"loc":{"start":{"line":69,"column":36},"end":{"line":74,"column":139}},"line":69},"5":{"name":"(anonymous_5)","decl":{"start":{"line":76,"column":206},"end":{"line":76,"column":207}},"loc":{"start":{"line":77,"column":36},"end":{"line":82,"column":139}},"line":77},"6":{"name":"(anonymous_6)","decl":{"start":{"line":81,"column":27},"end":{"line":81,"column":28}},"loc":{"start":{"line":81,"column":33},"end":{"line":81,"column":53}},"line":81}},"branchMap":{"0":{"loc":{"start":{"line":6,"column":404},"end":{"line":6,"column":450}},"type":"cond-expr","locations":[{"start":{"line":6,"column":428},"end":{"line":6,"column":431}},{"start":{"line":6,"column":434},"end":{"line":6,"column":450}}],"line":6},"1":{"loc":{"start":{"line":6,"column":404},"end":{"line":6,"column":425}},"type":"binary-expr","locations":[{"start":{"line":6,"column":404},"end":{"line":6,"column":407}},{"start":{"line":6,"column":411},"end":{"line":6,"column":425}}],"line":6}},"s":{"0":0,"1":0,"2":0,"3":0,"4":0,"5":0,"6":0,"7":0,"8":0,"9":0,"10":0,"11":0},"f":{"0":0,"1":0,"2":0,"3":0,"4":0,"5":0,"6":0},"b":{"0":[0,0],"1":[0,0]}}
,"/Users/Wellington/Desktop/desafios/udacity/udacity-react-nanodegree/reactnd-project-myreads-starter/src/Book.js": {"path":"/Users/Wellington/Desktop/desafios/udacity/udacity-react-nanodegree/reactnd-project-myreads-starter/src/Book.js","statementMap":{"0":{"start":{"line":20,"column":8},"end":{"line":20,"column":26}},"1":{"start":{"line":24,"column":31},"end":{"line":24,"column":56}},"2":{"start":{"line":25,"column":37},"end":{"line":25,"column":68}},"3":{"start":{"line":26,"column":25},"end":{"line":26,"column":44}},"4":{"start":{"line":28,"column":25},"end":{"line":28,"column":35}},"5":{"start":{"line":30,"column":8},"end":{"line":42,"column":9}},"6":{"start":{"line":31,"column":40},"end":{"line":31,"column":89}},"7":{"start":{"line":31,"column":69},"end":{"line":31,"column":85}},"8":{"start":{"line":32,"column":46},"end":{"line":32,"column":101}},"9":{"start":{"line":32,"column":81},"end":{"line":32,"column":97}},"10":{"start":{"line":33,"column":34},"end":{"line":33,"column":77}},"11":{"start":{"line":33,"column":57},"end":{"line":33,"column":73}},"12":{"start":{"line":35,"column":12},"end":{"line":41,"column":13}},"13":{"start":{"line":36,"column":16},"end":{"line":36,"column":57}},"14":{"start":{"line":37,"column":19},"end":{"line":41,"column":13}},"15":{"start":{"line":38,"column":16},"end":{"line":38,"column":63}},"16":{"start":{"line":39,"column":19},"end":{"line":41,"column":13}},"17":{"start":{"line":40,"column":16},"end":{"line":40,"column":51}},"18":{"start":{"line":44,"column":8},"end":{"line":44,"column":43}},"19":{"start":{"line":48,"column":8},"end":{"line":48,"column":74}},"20":{"start":{"line":52,"column":8},"end":{"line":56,"column":9}},"21":{"start":{"line":53,"column":12},"end":{"line":53,"column":57}},"22":{"start":{"line":55,"column":12},"end":{"line":55,"column":46}},"23":{"start":{"line":61,"column":32},"end":{"line":61,"column":42}},"24":{"start":{"line":63,"column":8},"end":{"line":79,"column":10}},"25":{"start":{"line":74,"column":20},"end":{"line":74,"column":77}}},"fnMap":{"0":{"name":"(anonymous_0)","decl":{"start":{"line":19,"column":4},"end":{"line":19,"column":5}},"loc":{"start":{"line":19,"column":25},"end":{"line":21,"column":5}},"line":19},"1":{"name":"(anonymous_1)","decl":{"start":{"line":23,"column":17},"end":{"line":23,"column":18}},"loc":{"start":{"line":23,"column":23},"end":{"line":45,"column":5}},"line":23},"2":{"name":"(anonymous_2)","decl":{"start":{"line":31,"column":62},"end":{"line":31,"column":63}},"loc":{"start":{"line":31,"column":69},"end":{"line":31,"column":85}},"line":31},"3":{"name":"(anonymous_3)","decl":{"start":{"line":32,"column":74},"end":{"line":32,"column":75}},"loc":{"start":{"line":32,"column":81},"end":{"line":32,"column":97}},"line":32},"4":{"name":"(anonymous_4)","decl":{"start":{"line":33,"column":50},"end":{"line":33,"column":51}},"loc":{"start":{"line":33,"column":57},"end":{"line":33,"column":73}},"line":33},"5":{"name":"(anonymous_5)","decl":{"start":{"line":47,"column":23},"end":{"line":47,"column":24}},"loc":{"start":{"line":47,"column":34},"end":{"line":49,"column":5}},"line":47},"6":{"name":"(anonymous_6)","decl":{"start":{"line":51,"column":19},"end":{"line":51,"column":20}},"loc":{"start":{"line":51,"column":29},"end":{"line":57,"column":5}},"line":51},"7":{"name":"(anonymous_7)","decl":{"start":{"line":59,"column":4},"end":{"line":59,"column":5}},"loc":{"start":{"line":59,"column":13},"end":{"line":80,"column":5}},"line":59},"8":{"name":"(anonymous_8)","decl":{"start":{"line":73,"column":66},"end":{"line":73,"column":67}},"loc":{"start":{"line":74,"column":20},"end":{"line":74,"column":77}},"line":74}},"branchMap":{"0":{"loc":{"start":{"line":30,"column":8},"end":{"line":42,"column":9}},"type":"if","locations":[{"start":{"line":30,"column":8},"end":{"line":42,"column":9}},{"start":{"line":30,"column":8},"end":{"line":42,"column":9}}],"line":30},"1":{"loc":{"start":{"line":30,"column":11},"end":{"line":30,"column":61}},"type":"binary-expr","locations":[{"start":{"line":30,"column":11},"end":{"line":30,"column":25}},{"start":{"line":30,"column":29},"end":{"line":30,"column":49}},{"start":{"line":30,"column":53},"end":{"line":30,"column":61}}],"line":30},"2":{"loc":{"start":{"line":35,"column":12},"end":{"line":41,"column":13}},"type":"if","locations":[{"start":{"line":35,"column":12},"end":{"line":41,"column":13}},{"start":{"line":35,"column":12},"end":{"line":41,"column":13}}],"line":35},"3":{"loc":{"start":{"line":37,"column":19},"end":{"line":41,"column":13}},"type":"if","locations":[{"start":{"line":37,"column":19},"end":{"line":41,"column":13}},{"start":{"line":37,"column":19},"end":{"line":41,"column":13}}],"line":37},"4":{"loc":{"start":{"line":39,"column":19},"end":{"line":41,"column":13}},"type":"if","locations":[{"start":{"line":39,"column":19},"end":{"line":41,"column":13}},{"start":{"line":39,"column":19},"end":{"line":41,"column":13}}],"line":39},"5":{"loc":{"start":{"line":52,"column":8},"end":{"line":56,"column":9}},"type":"if","locations":[{"start":{"line":52,"column":8},"end":{"line":56,"column":9}},{"start":{"line":52,"column":8},"end":{"line":56,"column":9}}],"line":52},"6":{"loc":{"start":{"line":52,"column":11},"end":{"line":52,"column":55}},"type":"binary-expr","locations":[{"start":{"line":52,"column":11},"end":{"line":52,"column":26}},{"start":{"line":52,"column":30},"end":{"line":52,"column":55}}],"line":52},"7":{"loc":{"start":{"line":69,"column":37},"end":{"line":69,"column":83}},"type":"cond-expr","locations":[{"start":{"line":69,"column":57},"end":{"line":69,"column":74}},{"start":{"line":69,"column":77},"end":{"line":69,"column":83}}],"line":69},"8":{"loc":{"start":{"line":73,"column":18},"end":{"line":76,"column":28}},"type":"cond-expr","locations":[{"start":{"line":73,"column":41},"end":{"line":75,"column":22}},{"start":{"line":76,"column":20},"end":{"line":76,"column":27}}],"line":73}},"s":{"0":6,"1":6,"2":6,"3":6,"4":6,"5":6,"6":5,"7":4,"8":5,"9":4,"10":5,"11":4,"12":5,"13":1,"14":4,"15":1,"16":3,"17":2,"18":6,"19":1,"20":6,"21":3,"22":3,"23":6,"24":6,"25":10},"f":{"0":6,"1":6,"2":4,"3":4,"4":4,"5":1,"6":6,"7":6,"8":10},"b":{"0":[5,1],"1":[6,5,5],"2":[1,4],"3":[1,3],"4":[2,1],"5":[3,3],"6":[6,6],"7":[5,1],"8":[5,1]},"_coverageSchema":"332fd63041d2c1bcb487cc26dd0d5f7d97098a6c","hash":"98a06bb87aba153dbdbcc12645114cf034071284"}
,"/Users/Wellington/Desktop/desafios/udacity/udacity-react-nanodegree/reactnd-project-myreads-starter/src/BookList.js": {"path":"/Users/Wellington/Desktop/desafios/udacity/udacity-react-nanodegree/reactnd-project-myreads-starter/src/BookList.js","statementMap":{"0":{"start":{"line":1,"column":39},"end":{"line":1,"column":101}},"1":{"start":{"line":1,"column":120},"end":{"line":1,"column":237}},"2":{"start":{"line":5,"column":183},"end":{"line":5,"column":237}},"3":{"start":{"line":7,"column":16},"end":{"line":7,"column":50}},"4":{"start":{"line":30,"column":8},"end":{"line":30,"column":18}},"5":{"start":{"line":32,"column":8},"end":{"line":66,"column":307}}},"fnMap":{"0":{"name":"_interopRequireDefault","decl":{"start":{"line":5,"column":154},"end":{"line":5,"column":176}},"loc":{"start":{"line":5,"column":182},"end":{"line":5,"column":238}},"line":5},"1":{"name":"(anonymous_1)","decl":{"start":{"line":23,"column":4},"end":{"line":23,"column":5}},"loc":{"start":{"line":23,"column":13},"end":{"line":70,"column":5}},"line":23}},"branchMap":{"0":{"loc":{"start":{"line":5,"column":190},"end":{"line":5,"column":236}},"type":"cond-expr","locations":[{"start":{"line":5,"column":214},"end":{"line":5,"column":217}},{"start":{"line":5,"column":220},"end":{"line":5,"column":236}}],"line":5},"1":{"loc":{"start":{"line":5,"column":190},"end":{"line":5,"column":211}},"type":"binary-expr","locations":[{"start":{"line":5,"column":190},"end":{"line":5,"column":193}},{"start":{"line":5,"column":197},"end":{"line":5,"column":211}}],"line":5}},"s":{"0":0,"1":0,"2":0,"3":0,"4":0,"5":0},"f":{"0":0,"1":0},"b":{"0":[0,0],"1":[0,0]}}
,"/Users/Wellington/Desktop/desafios/udacity/udacity-react-nanodegree/reactnd-project-myreads-starter/src/BooksAPI.js": {"path":"/Users/Wellington/Desktop/desafios/udacity/udacity-react-nanodegree/reactnd-project-myreads-starter/src/BooksAPI.js","statementMap":{"0":{"start":{"line":1,"column":39},"end":{"line":1,"column":101}},"1":{"start":{"line":2,"column":12},"end":{"line":2,"column":51}},"2":{"start":{"line":6,"column":12},"end":{"line":6,"column":30}},"3":{"start":{"line":7,"column":0},"end":{"line":8,"column":67}},"4":{"start":{"line":8,"column":0},"end":{"line":8,"column":67}},"5":{"start":{"line":10,"column":16},"end":{"line":12,"column":26}},"6":{"start":{"line":15,"column":38},"end":{"line":18,"column":23}},"7":{"start":{"line":16,"column":0},"end":{"line":18,"column":23}},"8":{"start":{"line":17,"column":12},"end":{"line":17,"column":22}},"9":{"start":{"line":18,"column":13},"end":{"line":18,"column":22}},"10":{"start":{"line":20,"column":41},"end":{"line":23,"column":24}},"11":{"start":{"line":21,"column":0},"end":{"line":23,"column":24}},"12":{"start":{"line":22,"column":12},"end":{"line":22,"column":22}},"13":{"start":{"line":23,"column":13},"end":{"line":23,"column":23}},"14":{"start":{"line":25,"column":41},"end":{"line":33,"column":23}},"15":{"start":{"line":26,"column":0},"end":{"line":33,"column":23}},"16":{"start":{"line":33,"column":12},"end":{"line":33,"column":22}},"17":{"start":{"line":35,"column":41},"end":{"line":44,"column":24}},"18":{"start":{"line":36,"column":0},"end":{"line":44,"column":24}},"19":{"start":{"line":43,"column":12},"end":{"line":43,"column":22}},"20":{"start":{"line":44,"column":13},"end":{"line":44,"column":23}}},"fnMap":{"0":{"name":"(anonymous_0)","decl":{"start":{"line":15,"column":52},"end":{"line":15,"column":53}},"loc":{"start":{"line":16,"column":0},"end":{"line":18,"column":23}},"line":16},"1":{"name":"(anonymous_1)","decl":{"start":{"line":17,"column":5},"end":{"line":17,"column":6}},"loc":{"start":{"line":17,"column":12},"end":{"line":17,"column":22}},"line":17},"2":{"name":"(anonymous_2)","decl":{"start":{"line":18,"column":5},"end":{"line":18,"column":6}},"loc":{"start":{"line":18,"column":13},"end":{"line":18,"column":22}},"line":18},"3":{"name":"(anonymous_3)","decl":{"start":{"line":20,"column":58},"end":{"line":20,"column":59}},"loc":{"start":{"line":21,"column":0},"end":{"line":23,"column":24}},"line":21},"4":{"name":"(anonymous_4)","decl":{"start":{"line":22,"column":5},"end":{"line":22,"column":6}},"loc":{"start":{"line":22,"column":12},"end":{"line":22,"column":22}},"line":22},"5":{"name":"(anonymous_5)","decl":{"start":{"line":23,"column":5},"end":{"line":23,"column":6}},"loc":{"start":{"line":23,"column":13},"end":{"line":23,"column":23}},"line":23},"6":{"name":"(anonymous_6)","decl":{"start":{"line":25,"column":58},"end":{"line":25,"column":59}},"loc":{"start":{"line":26,"column":0},"end":{"line":33,"column":23}},"line":26},"7":{"name":"(anonymous_7)","decl":{"start":{"line":33,"column":5},"end":{"line":33,"column":6}},"loc":{"start":{"line":33,"column":12},"end":{"line":33,"column":22}},"line":33},"8":{"name":"(anonymous_8)","decl":{"start":{"line":35,"column":58},"end":{"line":35,"column":59}},"loc":{"start":{"line":36,"column":0},"end":{"line":44,"column":24}},"line":36},"9":{"name":"(anonymous_9)","decl":{"start":{"line":43,"column":5},"end":{"line":43,"column":6}},"loc":{"start":{"line":43,"column":12},"end":{"line":43,"column":22}},"line":43},"10":{"name":"(anonymous_10)","decl":{"start":{"line":44,"column":5},"end":{"line":44,"column":6}},"loc":{"start":{"line":44,"column":13},"end":{"line":44,"column":23}},"line":44}},"branchMap":{"0":{"loc":{"start":{"line":7,"column":0},"end":{"line":8,"column":67}},"type":"if","locations":[{"start":{"line":7,"column":0},"end":{"line":8,"column":67}},{"start":{"line":7,"column":0},"end":{"line":8,"column":67}}],"line":7}},"s":{"0":0,"1":0,"2":0,"3":0,"4":0,"5":0,"6":0,"7":0,"8":0,"9":0,"10":0,"11":0,"12":0,"13":0,"14":0,"15":0,"16":0,"17":0,"18":0,"19":0,"20":0},"f":{"0":0,"1":0,"2":0,"3":0,"4":0,"5":0,"6":0,"7":0,"8":0,"9":0,"10":0},"b":{"0":[0,0]}}
,"/Users/Wellington/Desktop/desafios/udacity/udacity-react-nanodegree/reactnd-project-myreads-starter/src/BooksGrid.js": {"path":"/Users/Wellington/Desktop/desafios/udacity/udacity-react-nanodegree/reactnd-project-myreads-starter/src/BooksGrid.js","statementMap":{"0":{"start":{"line":1,"column":39},"end":{"line":1,"column":101}},"1":{"start":{"line":1,"column":120},"end":{"line":1,"column":238}},"2":{"start":{"line":3,"column":164},"end":{"line":3,"column":218}},"3":{"start":{"line":26,"column":8},"end":{"line":26,"column":18}},"4":{"start":{"line":28,"column":8},"end":{"line":37,"column":146}},"5":{"start":{"line":31,"column":42},"end":{"line":37,"column":142}}},"fnMap":{"0":{"name":"_interopRequireDefault","decl":{"start":{"line":3,"column":135},"end":{"line":3,"column":157}},"loc":{"start":{"line":3,"column":163},"end":{"line":3,"column":219}},"line":3},"1":{"name":"(anonymous_1)","decl":{"start":{"line":19,"column":4},"end":{"line":19,"column":5}},"loc":{"start":{"line":19,"column":13},"end":{"line":42,"column":5}},"line":19},"2":{"name":"(anonymous_2)","decl":{"start":{"line":30,"column":26},"end":{"line":30,"column":27}},"loc":{"start":{"line":31,"column":42},"end":{"line":37,"column":142}},"line":31}},"branchMap":{"0":{"loc":{"start":{"line":3,"column":171},"end":{"line":3,"column":217}},"type":"cond-expr","locations":[{"start":{"line":3,"column":195},"end":{"line":3,"column":198}},{"start":{"line":3,"column":201},"end":{"line":3,"column":217}}],"line":3},"1":{"loc":{"start":{"line":3,"column":171},"end":{"line":3,"column":192}},"type":"binary-expr","locations":[{"start":{"line":3,"column":171},"end":{"line":3,"column":174}},{"start":{"line":3,"column":178},"end":{"line":3,"column":192}}],"line":3}},"s":{"0":0,"1":0,"2":0,"3":0,"4":0,"5":0},"f":{"0":0,"1":0,"2":0},"b":{"0":[0,0],"1":[0,0]}}
,"/Users/Wellington/Desktop/desafios/udacity/udacity-react-nanodegree/reactnd-project-myreads-starter/src/Bookshelf.js": {"path":"/Users/Wellington/Desktop/desafios/udacity/udacity-react-nanodegree/reactnd-project-myreads-starter/src/Bookshelf.js","statementMap":{"0":{"start":{"line":1,"column":39},"end":{"line":1,"column":101}},"1":{"start":{"line":1,"column":120},"end":{"line":1,"column":238}},"2":{"start":{"line":3,"column":183},"end":{"line":3,"column":237}},"3":{"start":{"line":19,"column":42},"end":{"line":19,"column":52}},"4":{"start":{"line":21,"column":8},"end":{"line":27,"column":149}}},"fnMap":{"0":{"name":"_interopRequireDefault","decl":{"start":{"line":3,"column":154},"end":{"line":3,"column":176}},"loc":{"start":{"line":3,"column":182},"end":{"line":3,"column":238}},"line":3},"1":{"name":"(anonymous_1)","decl":{"start":{"line":17,"column":4},"end":{"line":17,"column":5}},"loc":{"start":{"line":17,"column":13},"end":{"line":31,"column":5}},"line":17}},"branchMap":{"0":{"loc":{"start":{"line":3,"column":190},"end":{"line":3,"column":236}},"type":"cond-expr","locations":[{"start":{"line":3,"column":214},"end":{"line":3,"column":217}},{"start":{"line":3,"column":220},"end":{"line":3,"column":236}}],"line":3},"1":{"loc":{"start":{"line":3,"column":190},"end":{"line":3,"column":211}},"type":"binary-expr","locations":[{"start":{"line":3,"column":190},"end":{"line":3,"column":193}},{"start":{"line":3,"column":197},"end":{"line":3,"column":211}}],"line":3}},"s":{"0":0,"1":0,"2":0,"3":0,"4":0},"f":{"0":0,"1":0},"b":{"0":[0,0],"1":[0,0]}}
,"/Users/Wellington/Desktop/desafios/udacity/udacity-react-nanodegree/reactnd-project-myreads-starter/src/BookshelfChanger.js": {"path":"/Users/Wellington/Desktop/desafios/udacity/udacity-react-nanodegree/reactnd-project-myreads-starter/src/BookshelfChanger.js","statementMap":{"0":{"start":{"line":12,"column":8},"end":{"line":12,"column":56}},"1":{"start":{"line":13,"column":8},"end":{"line":13,"column":59}},"2":{"start":{"line":17,"column":31},"end":{"line":17,"column":41}},"3":{"start":{"line":18,"column":8},"end":{"line":28,"column":10}}},"fnMap":{"0":{"name":"(anonymous_0)","decl":{"start":{"line":11,"column":13},"end":{"line":11,"column":14}},"loc":{"start":{"line":11,"column":24},"end":{"line":14,"column":5}},"line":11},"1":{"name":"(anonymous_1)","decl":{"start":{"line":16,"column":4},"end":{"line":16,"column":5}},"loc":{"start":{"line":16,"column":13},"end":{"line":29,"column":5}},"line":16}},"branchMap":{},"s":{"0":0,"1":0,"2":0,"3":0},"f":{"0":0,"1":0},"b":{},"_coverageSchema":"332fd63041d2c1bcb487cc26dd0d5f7d97098a6c","hash":"611860ab3b27d330b24af98d7aa9ae8c80ddebf0"}
,"/Users/Wellington/Desktop/desafios/udacity/udacity-react-nanodegree/reactnd-project-myreads-starter/src/If.js": {"path":"/Users/Wellington/Desktop/desafios/udacity/udacity-react-nanodegree/reactnd-project-myreads-starter/src/If.js","statementMap":{"0":{"start":{"line":1,"column":39},"end":{"line":1,"column":101}},"1":{"start":{"line":1,"column":112},"end":{"line":1,"column":159}},"2":{"start":{"line":1,"column":136},"end":{"line":1,"column":159}}},"fnMap":{"0":{"name":"(anonymous_0)","decl":{"start":{"line":1,"column":112},"end":{"line":1,"column":113}},"loc":{"start":{"line":1,"column":136},"end":{"line":1,"column":159}},"line":1}},"branchMap":{"0":{"loc":{"start":{"line":1,"column":136},"end":{"line":1,"column":159}},"type":"cond-expr","locations":[{"start":{"line":1,"column":143},"end":{"line":1,"column":151}},{"start":{"line":1,"column":154},"end":{"line":1,"column":159}}],"line":1}},"s":{"0":0,"1":0,"2":0},"f":{"0":0},"b":{"0":[0,0]}}
,"/Users/Wellington/Desktop/desafios/udacity/udacity-react-nanodegree/reactnd-project-myreads-starter/src/SearchBooks.js": {"path":"/Users/Wellington/Desktop/desafios/udacity/udacity-react-nanodegree/reactnd-project-myreads-starter/src/SearchBooks.js","statementMap":{"0":{"start":{"line":1,"column":39},"end":{"line":1,"column":101}},"1":{"start":{"line":1,"column":120},"end":{"line":1,"column":240}},"2":{"start":{"line":5,"column":462},"end":{"line":5,"column":516}},"3":{"start":{"line":7,"column":16},"end":{"line":7,"column":50}},"4":{"start":{"line":52,"column":67},"end":{"line":52,"column":77}},"5":{"start":{"line":54,"column":59},"end":{"line":54,"column":69}},"6":{"start":{"line":56,"column":8},"end":{"line":72,"column":148}}},"fnMap":{"0":{"name":"_interopRequireDefault","decl":{"start":{"line":5,"column":433},"end":{"line":5,"column":455}},"loc":{"start":{"line":5,"column":461},"end":{"line":5,"column":517}},"line":5},"1":{"name":"(anonymous_1)","decl":{"start":{"line":50,"column":4},"end":{"line":50,"column":5}},"loc":{"start":{"line":50,"column":13},"end":{"line":76,"column":5}},"line":50}},"branchMap":{"0":{"loc":{"start":{"line":5,"column":469},"end":{"line":5,"column":515}},"type":"cond-expr","locations":[{"start":{"line":5,"column":493},"end":{"line":5,"column":496}},{"start":{"line":5,"column":499},"end":{"line":5,"column":515}}],"line":5},"1":{"loc":{"start":{"line":5,"column":469},"end":{"line":5,"column":490}},"type":"binary-expr","locations":[{"start":{"line":5,"column":469},"end":{"line":5,"column":472}},{"start":{"line":5,"column":476},"end":{"line":5,"column":490}}],"line":5}},"s":{"0":0,"1":0,"2":0,"3":0,"4":0,"5":0,"6":0},"f":{"0":0,"1":0},"b":{"0":[0,0],"1":[0,0]}}
,"/Users/Wellington/Desktop/desafios/udacity/udacity-react-nanodegree/reactnd-project-myreads-starter/src/SearchBooksBar.js": {"path":"/Users/Wellington/Desktop/desafios/udacity/udacity-react-nanodegree/reactnd-project-myreads-starter/src/SearchBooksBar.js","statementMap":{"0":{"start":{"line":1,"column":39},"end":{"line":1,"column":101}},"1":{"start":{"line":1,"column":120},"end":{"line":1,"column":243}},"2":{"start":{"line":2,"column":183},"end":{"line":2,"column":237}},"3":{"start":{"line":27,"column":22},"end":{"line":27,"column":32}},"4":{"start":{"line":29,"column":4},"end":{"line":37,"column":142}},"5":{"start":{"line":31,"column":166},"end":{"line":31,"column":192}},"6":{"start":{"line":37,"column":31},"end":{"line":37,"column":67}}},"fnMap":{"0":{"name":"_interopRequireDefault","decl":{"start":{"line":2,"column":154},"end":{"line":2,"column":176}},"loc":{"start":{"line":2,"column":182},"end":{"line":2,"column":238}},"line":2},"1":{"name":"(anonymous_1)","decl":{"start":{"line":25,"column":2},"end":{"line":25,"column":3}},"loc":{"start":{"line":25,"column":11},"end":{"line":41,"column":3}},"line":25},"2":{"name":"(anonymous_2)","decl":{"start":{"line":31,"column":160},"end":{"line":31,"column":161}},"loc":{"start":{"line":31,"column":166},"end":{"line":31,"column":192}},"line":31},"3":{"name":"(anonymous_3)","decl":{"start":{"line":37,"column":22},"end":{"line":37,"column":23}},"loc":{"start":{"line":37,"column":31},"end":{"line":37,"column":67}},"line":37}},"branchMap":{"0":{"loc":{"start":{"line":2,"column":190},"end":{"line":2,"column":236}},"type":"cond-expr","locations":[{"start":{"line":2,"column":214},"end":{"line":2,"column":217}},{"start":{"line":2,"column":220},"end":{"line":2,"column":236}}],"line":2},"1":{"loc":{"start":{"line":2,"column":190},"end":{"line":2,"column":211}},"type":"binary-expr","locations":[{"start":{"line":2,"column":190},"end":{"line":2,"column":193}},{"start":{"line":2,"column":197},"end":{"line":2,"column":211}}],"line":2}},"s":{"0":0,"1":0,"2":0,"3":0,"4":0,"5":0,"6":0},"f":{"0":0,"1":0,"2":0,"3":0},"b":{"0":[0,0],"1":[0,0]}}
,"/Users/Wellington/Desktop/desafios/udacity/udacity-react-nanodegree/reactnd-project-myreads-starter/src/SearchBooksResults.js": {"path":"/Users/Wellington/Desktop/desafios/udacity/udacity-react-nanodegree/reactnd-project-myreads-starter/src/SearchBooksResults.js","statementMap":{"0":{"start":{"line":1,"column":39},"end":{"line":1,"column":101}},"1":{"start":{"line":1,"column":120},"end":{"line":1,"column":247}},"2":{"start":{"line":3,"column":184},"end":{"line":3,"column":238}},"3":{"start":{"line":26,"column":8},"end":{"line":26,"column":18}},"4":{"start":{"line":28,"column":8},"end":{"line":35,"column":144}}},"fnMap":{"0":{"name":"_interopRequireDefault","decl":{"start":{"line":3,"column":155},"end":{"line":3,"column":177}},"loc":{"start":{"line":3,"column":183},"end":{"line":3,"column":239}},"line":3},"1":{"name":"(anonymous_1)","decl":{"start":{"line":19,"column":4},"end":{"line":19,"column":5}},"loc":{"start":{"line":19,"column":13},"end":{"line":38,"column":5}},"line":19}},"branchMap":{"0":{"loc":{"start":{"line":3,"column":191},"end":{"line":3,"column":237}},"type":"cond-expr","locations":[{"start":{"line":3,"column":215},"end":{"line":3,"column":218}},{"start":{"line":3,"column":221},"end":{"line":3,"column":237}}],"line":3},"1":{"loc":{"start":{"line":3,"column":191},"end":{"line":3,"column":212}},"type":"binary-expr","locations":[{"start":{"line":3,"column":191},"end":{"line":3,"column":194}},{"start":{"line":3,"column":198},"end":{"line":3,"column":212}}],"line":3}},"s":{"0":0,"1":0,"2":0,"3":0,"4":0},"f":{"0":0,"1":0},"b":{"0":[0,0],"1":[0,0]}}
,"/Users/Wellington/Desktop/desafios/udacity/udacity-react-nanodegree/reactnd-project-myreads-starter/src/index.js": {"path":"/Users/Wellington/Desktop/desafios/udacity/udacity-react-nanodegree/reactnd-project-myreads-starter/src/index.js","statementMap":{"0":{"start":{"line":1,"column":58},"end":{"line":1,"column":172}}},"fnMap":{},"branchMap":{},"s":{"0":0},"f":{},"b":{}}
}
