{"/Users/Wellington/Desktop/desafios/udacity/udacity-react-nanodegree/reactnd-project-myreads-starter/src/App.js": {"path":"/Users/Wellington/Desktop/desafios/udacity/udacity-react-nanodegree/reactnd-project-myreads-starter/src/App.js","statementMap":{"0":{"start":{"line":8,"column":22},"end":{"line":12,"column":1}},"1":{"start":{"line":25,"column":4},"end":{"line":28,"column":7}},"2":{"start":{"line":26,"column":6},"end":{"line":26,"column":38}},"3":{"start":{"line":27,"column":6},"end":{"line":27,"column":30}},"4":{"start":{"line":32,"column":4},"end":{"line":32,"column":115}},"5":{"start":{"line":32,"column":65},"end":{"line":32,"column":110}},"6":{"start":{"line":33,"column":4},"end":{"line":33,"column":103}},"7":{"start":{"line":33,"column":59},"end":{"line":33,"column":98}},"8":{"start":{"line":34,"column":4},"end":{"line":34,"column":91}},"9":{"start":{"line":34,"column":53},"end":{"line":34,"column":86}},"10":{"start":{"line":35,"column":4},"end":{"line":35,"column":29}},"11":{"start":{"line":39,"column":21},"end":{"line":39,"column":72}},"12":{"start":{"line":39,"column":52},"end":{"line":39,"column":68}},"13":{"start":{"line":41,"column":19},"end":{"line":41,"column":67}},"14":{"start":{"line":41,"column":50},"end":{"line":41,"column":66}},"15":{"start":{"line":43,"column":4},"end":{"line":48,"column":5}},"16":{"start":{"line":44,"column":6},"end":{"line":44,"column":30}},"17":{"start":{"line":45,"column":6},"end":{"line":45,"column":24}},"18":{"start":{"line":47,"column":6},"end":{"line":47,"column":36}},"19":{"start":{"line":50,"column":4},"end":{"line":50,"column":30}},"20":{"start":{"line":52,"column":4},"end":{"line":52,"column":31}},"21":{"start":{"line":54,"column":4},"end":{"line":54,"column":38}},"22":{"start":{"line":64,"column":8},"end":{"line":64,"column":18}},"23":{"start":{"line":66,"column":4},"end":{"line":85,"column":6}},"24":{"start":{"line":69,"column":10},"end":{"line":74,"column":73}},"25":{"start":{"line":77,"column":12},"end":{"line":82,"column":73}},"26":{"start":{"line":81,"column":37},"end":{"line":81,"column":54}}},"fnMap":{"0":{"name":"(anonymous_0)","decl":{"start":{"line":24,"column":2},"end":{"line":24,"column":3}},"loc":{"start":{"line":24,"column":22},"end":{"line":29,"column":3}},"line":24},"1":{"name":"(anonymous_1)","decl":{"start":{"line":25,"column":27},"end":{"line":25,"column":28}},"loc":{"start":{"line":25,"column":38},"end":{"line":28,"column":5}},"line":25},"2":{"name":"(anonymous_2)","decl":{"start":{"line":31,"column":16},"end":{"line":31,"column":17}},"loc":{"start":{"line":31,"column":27},"end":{"line":36,"column":3}},"line":31},"3":{"name":"(anonymous_3)","decl":{"start":{"line":32,"column":55},"end":{"line":32,"column":56}},"loc":{"start":{"line":32,"column":65},"end":{"line":32,"column":110}},"line":32},"4":{"name":"(anonymous_4)","decl":{"start":{"line":33,"column":49},"end":{"line":33,"column":50}},"loc":{"start":{"line":33,"column":59},"end":{"line":33,"column":98}},"line":33},"5":{"name":"(anonymous_5)","decl":{"start":{"line":34,"column":43},"end":{"line":34,"column":44}},"loc":{"start":{"line":34,"column":53},"end":{"line":34,"column":86}},"line":34},"6":{"name":"(anonymous_6)","decl":{"start":{"line":38,"column":31},"end":{"line":38,"column":32}},"loc":{"start":{"line":38,"column":53},"end":{"line":55,"column":3}},"line":38},"7":{"name":"(anonymous_7)","decl":{"start":{"line":39,"column":45},"end":{"line":39,"column":46}},"loc":{"start":{"line":39,"column":52},"end":{"line":39,"column":68}},"line":39},"8":{"name":"(anonymous_8)","decl":{"start":{"line":41,"column":43},"end":{"line":41,"column":44}},"loc":{"start":{"line":41,"column":50},"end":{"line":41,"column":66}},"line":41},"9":{"name":"(anonymous_9)","decl":{"start":{"line":57,"column":2},"end":{"line":57,"column":3}},"loc":{"start":{"line":57,"column":11},"end":{"line":86,"column":3}},"line":57},"10":{"name":"(anonymous_10)","decl":{"start":{"line":68,"column":39},"end":{"line":68,"column":40}},"loc":{"start":{"line":69,"column":10},"end":{"line":74,"column":73}},"line":69},"11":{"name":"(anonymous_11)","decl":{"start":{"line":76,"column":45},"end":{"line":76,"column":46}},"loc":{"start":{"line":77,"column":12},"end":{"line":82,"column":73}},"line":77},"12":{"name":"(anonymous_12)","decl":{"start":{"line":81,"column":29},"end":{"line":81,"column":30}},"loc":{"start":{"line":81,"column":35},"end":{"line":81,"column":56}},"line":81}},"branchMap":{"0":{"loc":{"start":{"line":43,"column":4},"end":{"line":48,"column":5}},"type":"if","locations":[{"start":{"line":43,"column":4},"end":{"line":48,"column":5}},{"start":{"line":43,"column":4},"end":{"line":48,"column":5}}],"line":43}},"s":{"0":1,"1":0,"2":0,"3":0,"4":0,"5":0,"6":0,"7":0,"8":0,"9":0,"10":0,"11":0,"12":0,"13":0,"14":0,"15":0,"16":0,"17":0,"18":0,"19":0,"20":0,"21":0,"22":1,"23":1,"24":0,"25":0,"26":0},"f":{"0":0,"1":0,"2":0,"3":0,"4":0,"5":0,"6":0,"7":0,"8":0,"9":1,"10":0,"11":0,"12":0},"b":{"0":[0,0]},"_coverageSchema":"332fd63041d2c1bcb487cc26dd0d5f7d97098a6c","hash":"b2826aae376a97ca998612e1fc849b8a0fdfc163"}
,"/Users/Wellington/Desktop/desafios/udacity/udacity-react-nanodegree/reactnd-project-myreads-starter/src/Book.js": {"path":"/Users/Wellington/Desktop/desafios/udacity/udacity-react-nanodegree/reactnd-project-myreads-starter/src/Book.js","statementMap":{"0":{"start":{"line":20,"column":8},"end":{"line":20,"column":26}},"1":{"start":{"line":24,"column":31},"end":{"line":24,"column":56}},"2":{"start":{"line":25,"column":37},"end":{"line":25,"column":68}},"3":{"start":{"line":26,"column":25},"end":{"line":26,"column":44}},"4":{"start":{"line":28,"column":25},"end":{"line":28,"column":35}},"5":{"start":{"line":30,"column":8},"end":{"line":42,"column":9}},"6":{"start":{"line":31,"column":40},"end":{"line":31,"column":89}},"7":{"start":{"line":31,"column":69},"end":{"line":31,"column":85}},"8":{"start":{"line":32,"column":46},"end":{"line":32,"column":101}},"9":{"start":{"line":32,"column":81},"end":{"line":32,"column":97}},"10":{"start":{"line":33,"column":34},"end":{"line":33,"column":77}},"11":{"start":{"line":33,"column":57},"end":{"line":33,"column":73}},"12":{"start":{"line":35,"column":12},"end":{"line":41,"column":13}},"13":{"start":{"line":36,"column":16},"end":{"line":36,"column":57}},"14":{"start":{"line":37,"column":19},"end":{"line":41,"column":13}},"15":{"start":{"line":38,"column":16},"end":{"line":38,"column":63}},"16":{"start":{"line":39,"column":19},"end":{"line":41,"column":13}},"17":{"start":{"line":40,"column":16},"end":{"line":40,"column":51}},"18":{"start":{"line":44,"column":8},"end":{"line":44,"column":43}},"19":{"start":{"line":48,"column":8},"end":{"line":48,"column":74}},"20":{"start":{"line":52,"column":8},"end":{"line":56,"column":9}},"21":{"start":{"line":53,"column":12},"end":{"line":53,"column":57}},"22":{"start":{"line":55,"column":12},"end":{"line":55,"column":46}},"23":{"start":{"line":61,"column":32},"end":{"line":61,"column":42}},"24":{"start":{"line":63,"column":8},"end":{"line":79,"column":10}},"25":{"start":{"line":74,"column":20},"end":{"line":74,"column":77}}},"fnMap":{"0":{"name":"(anonymous_0)","decl":{"start":{"line":19,"column":4},"end":{"line":19,"column":5}},"loc":{"start":{"line":19,"column":25},"end":{"line":21,"column":5}},"line":19},"1":{"name":"(anonymous_1)","decl":{"start":{"line":23,"column":17},"end":{"line":23,"column":18}},"loc":{"start":{"line":23,"column":23},"end":{"line":45,"column":5}},"line":23},"2":{"name":"(anonymous_2)","decl":{"start":{"line":31,"column":62},"end":{"line":31,"column":63}},"loc":{"start":{"line":31,"column":69},"end":{"line":31,"column":85}},"line":31},"3":{"name":"(anonymous_3)","decl":{"start":{"line":32,"column":74},"end":{"line":32,"column":75}},"loc":{"start":{"line":32,"column":81},"end":{"line":32,"column":97}},"line":32},"4":{"name":"(anonymous_4)","decl":{"start":{"line":33,"column":50},"end":{"line":33,"column":51}},"loc":{"start":{"line":33,"column":57},"end":{"line":33,"column":73}},"line":33},"5":{"name":"(anonymous_5)","decl":{"start":{"line":47,"column":23},"end":{"line":47,"column":24}},"loc":{"start":{"line":47,"column":34},"end":{"line":49,"column":5}},"line":47},"6":{"name":"(anonymous_6)","decl":{"start":{"line":51,"column":19},"end":{"line":51,"column":20}},"loc":{"start":{"line":51,"column":29},"end":{"line":57,"column":5}},"line":51},"7":{"name":"(anonymous_7)","decl":{"start":{"line":59,"column":4},"end":{"line":59,"column":5}},"loc":{"start":{"line":59,"column":13},"end":{"line":80,"column":5}},"line":59},"8":{"name":"(anonymous_8)","decl":{"start":{"line":73,"column":66},"end":{"line":73,"column":67}},"loc":{"start":{"line":74,"column":20},"end":{"line":74,"column":77}},"line":74}},"branchMap":{"0":{"loc":{"start":{"line":30,"column":8},"end":{"line":42,"column":9}},"type":"if","locations":[{"start":{"line":30,"column":8},"end":{"line":42,"column":9}},{"start":{"line":30,"column":8},"end":{"line":42,"column":9}}],"line":30},"1":{"loc":{"start":{"line":30,"column":11},"end":{"line":30,"column":61}},"type":"binary-expr","locations":[{"start":{"line":30,"column":11},"end":{"line":30,"column":25}},{"start":{"line":30,"column":29},"end":{"line":30,"column":49}},{"start":{"line":30,"column":53},"end":{"line":30,"column":61}}],"line":30},"2":{"loc":{"start":{"line":35,"column":12},"end":{"line":41,"column":13}},"type":"if","locations":[{"start":{"line":35,"column":12},"end":{"line":41,"column":13}},{"start":{"line":35,"column":12},"end":{"line":41,"column":13}}],"line":35},"3":{"loc":{"start":{"line":37,"column":19},"end":{"line":41,"column":13}},"type":"if","locations":[{"start":{"line":37,"column":19},"end":{"line":41,"column":13}},{"start":{"line":37,"column":19},"end":{"line":41,"column":13}}],"line":37},"4":{"loc":{"start":{"line":39,"column":19},"end":{"line":41,"column":13}},"type":"if","locations":[{"start":{"line":39,"column":19},"end":{"line":41,"column":13}},{"start":{"line":39,"column":19},"end":{"line":41,"column":13}}],"line":39},"5":{"loc":{"start":{"line":52,"column":8},"end":{"line":56,"column":9}},"type":"if","locations":[{"start":{"line":52,"column":8},"end":{"line":56,"column":9}},{"start":{"line":52,"column":8},"end":{"line":56,"column":9}}],"line":52},"6":{"loc":{"start":{"line":52,"column":11},"end":{"line":52,"column":55}},"type":"binary-expr","locations":[{"start":{"line":52,"column":11},"end":{"line":52,"column":26}},{"start":{"line":52,"column":30},"end":{"line":52,"column":55}}],"line":52},"7":{"loc":{"start":{"line":69,"column":37},"end":{"line":69,"column":83}},"type":"cond-expr","locations":[{"start":{"line":69,"column":57},"end":{"line":69,"column":74}},{"start":{"line":69,"column":77},"end":{"line":69,"column":83}}],"line":69},"8":{"loc":{"start":{"line":73,"column":18},"end":{"line":76,"column":28}},"type":"cond-expr","locations":[{"start":{"line":73,"column":41},"end":{"line":75,"column":22}},{"start":{"line":76,"column":20},"end":{"line":76,"column":27}}],"line":73}},"s":{"0":0,"1":0,"2":0,"3":0,"4":0,"5":0,"6":0,"7":0,"8":0,"9":0,"10":0,"11":0,"12":0,"13":0,"14":0,"15":0,"16":0,"17":0,"18":0,"19":0,"20":0,"21":0,"22":0,"23":0,"24":0,"25":0},"f":{"0":0,"1":0,"2":0,"3":0,"4":0,"5":0,"6":0,"7":0,"8":0},"b":{"0":[0,0],"1":[0,0,0],"2":[0,0],"3":[0,0],"4":[0,0],"5":[0,0],"6":[0,0],"7":[0,0],"8":[0,0]},"_coverageSchema":"332fd63041d2c1bcb487cc26dd0d5f7d97098a6c","hash":"98a06bb87aba153dbdbcc12645114cf034071284"}
,"/Users/Wellington/Desktop/desafios/udacity/udacity-react-nanodegree/reactnd-project-myreads-starter/src/BookList.js": {"path":"/Users/Wellington/Desktop/desafios/udacity/udacity-react-nanodegree/reactnd-project-myreads-starter/src/BookList.js","statementMap":{"0":{"start":{"line":7,"column":16},"end":{"line":7,"column":50}},"1":{"start":{"line":20,"column":8},"end":{"line":20,"column":61}},"2":{"start":{"line":30,"column":12},"end":{"line":30,"column":22}},"3":{"start":{"line":32,"column":8},"end":{"line":69,"column":10}}},"fnMap":{"0":{"name":"(anonymous_0)","decl":{"start":{"line":19,"column":30},"end":{"line":19,"column":31}},"loc":{"start":{"line":19,"column":52},"end":{"line":21,"column":5}},"line":19},"1":{"name":"(anonymous_1)","decl":{"start":{"line":23,"column":4},"end":{"line":23,"column":5}},"loc":{"start":{"line":23,"column":13},"end":{"line":70,"column":5}},"line":23}},"branchMap":{},"s":{"0":1,"1":0,"2":0,"3":0},"f":{"0":0,"1":0},"b":{},"_coverageSchema":"332fd63041d2c1bcb487cc26dd0d5f7d97098a6c","hash":"31e4f3cc4e752f9fbd16bc6c13ed5a5975bad999"}
,"/Users/Wellington/Desktop/desafios/udacity/udacity-react-nanodegree/reactnd-project-myreads-starter/src/BooksAPI.js": {"path":"/Users/Wellington/Desktop/desafios/udacity/udacity-react-nanodegree/reactnd-project-myreads-starter/src/BooksAPI.js","statementMap":{"0":{"start":{"line":2,"column":12},"end":{"line":2,"column":51}},"1":{"start":{"line":6,"column":12},"end":{"line":6,"column":30}},"2":{"start":{"line":7,"column":0},"end":{"line":8,"column":68}},"3":{"start":{"line":8,"column":2},"end":{"line":8,"column":68}},"4":{"start":{"line":10,"column":16},"end":{"line":13,"column":1}},"5":{"start":{"line":15,"column":19},"end":{"line":18,"column":28}},"6":{"start":{"line":16,"column":2},"end":{"line":18,"column":28}},"7":{"start":{"line":17,"column":17},"end":{"line":17,"column":27}},"8":{"start":{"line":18,"column":18},"end":{"line":18,"column":27}},"9":{"start":{"line":20,"column":22},"end":{"line":23,"column":29}},"10":{"start":{"line":21,"column":2},"end":{"line":23,"column":29}},"11":{"start":{"line":22,"column":17},"end":{"line":22,"column":27}},"12":{"start":{"line":23,"column":18},"end":{"line":23,"column":28}},"13":{"start":{"line":25,"column":22},"end":{"line":33,"column":28}},"14":{"start":{"line":26,"column":2},"end":{"line":33,"column":28}},"15":{"start":{"line":33,"column":17},"end":{"line":33,"column":27}},"16":{"start":{"line":35,"column":16},"end":{"line":35,"column":18}},"17":{"start":{"line":36,"column":22},"end":{"line":45,"column":29}},"18":{"start":{"line":37,"column":2},"end":{"line":45,"column":29}},"19":{"start":{"line":44,"column":17},"end":{"line":44,"column":27}},"20":{"start":{"line":45,"column":18},"end":{"line":45,"column":28}}},"fnMap":{"0":{"name":"(anonymous_0)","decl":{"start":{"line":15,"column":19},"end":{"line":15,"column":20}},"loc":{"start":{"line":16,"column":2},"end":{"line":18,"column":28}},"line":16},"1":{"name":"(anonymous_1)","decl":{"start":{"line":17,"column":10},"end":{"line":17,"column":11}},"loc":{"start":{"line":17,"column":17},"end":{"line":17,"column":27}},"line":17},"2":{"name":"(anonymous_2)","decl":{"start":{"line":18,"column":10},"end":{"line":18,"column":11}},"loc":{"start":{"line":18,"column":18},"end":{"line":18,"column":27}},"line":18},"3":{"name":"(anonymous_3)","decl":{"start":{"line":20,"column":22},"end":{"line":20,"column":23}},"loc":{"start":{"line":21,"column":2},"end":{"line":23,"column":29}},"line":21},"4":{"name":"(anonymous_4)","decl":{"start":{"line":22,"column":10},"end":{"line":22,"column":11}},"loc":{"start":{"line":22,"column":17},"end":{"line":22,"column":27}},"line":22},"5":{"name":"(anonymous_5)","decl":{"start":{"line":23,"column":10},"end":{"line":23,"column":11}},"loc":{"start":{"line":23,"column":18},"end":{"line":23,"column":28}},"line":23},"6":{"name":"(anonymous_6)","decl":{"start":{"line":25,"column":22},"end":{"line":25,"column":23}},"loc":{"start":{"line":26,"column":2},"end":{"line":33,"column":28}},"line":26},"7":{"name":"(anonymous_7)","decl":{"start":{"line":33,"column":10},"end":{"line":33,"column":11}},"loc":{"start":{"line":33,"column":17},"end":{"line":33,"column":27}},"line":33},"8":{"name":"(anonymous_8)","decl":{"start":{"line":36,"column":22},"end":{"line":36,"column":23}},"loc":{"start":{"line":37,"column":2},"end":{"line":45,"column":29}},"line":37},"9":{"name":"(anonymous_9)","decl":{"start":{"line":44,"column":10},"end":{"line":44,"column":11}},"loc":{"start":{"line":44,"column":17},"end":{"line":44,"column":27}},"line":44},"10":{"name":"(anonymous_10)","decl":{"start":{"line":45,"column":10},"end":{"line":45,"column":11}},"loc":{"start":{"line":45,"column":18},"end":{"line":45,"column":28}},"line":45}},"branchMap":{"0":{"loc":{"start":{"line":7,"column":0},"end":{"line":8,"column":68}},"type":"if","locations":[{"start":{"line":7,"column":0},"end":{"line":8,"column":68}},{"start":{"line":7,"column":0},"end":{"line":8,"column":68}}],"line":7}},"s":{"0":1,"1":1,"2":1,"3":0,"4":1,"5":1,"6":0,"7":0,"8":0,"9":1,"10":0,"11":0,"12":0,"13":1,"14":0,"15":0,"16":1,"17":1,"18":0,"19":0,"20":0},"f":{"0":0,"1":0,"2":0,"3":0,"4":0,"5":0,"6":0,"7":0,"8":0,"9":0,"10":0},"b":{"0":[0,1]},"_coverageSchema":"332fd63041d2c1bcb487cc26dd0d5f7d97098a6c","hash":"fd420696527c232139ea5a6b622913e0c143e918"}
,"/Users/Wellington/Desktop/desafios/udacity/udacity-react-nanodegree/reactnd-project-myreads-starter/src/BooksGrid.js": {"path":"/Users/Wellington/Desktop/desafios/udacity/udacity-react-nanodegree/reactnd-project-myreads-starter/src/BooksGrid.js","statementMap":{"0":{"start":{"line":16,"column":8},"end":{"line":16,"column":61}},"1":{"start":{"line":26,"column":12},"end":{"line":26,"column":22}},"2":{"start":{"line":28,"column":8},"end":{"line":41,"column":10}},"3":{"start":{"line":31,"column":20},"end":{"line":38,"column":25}}},"fnMap":{"0":{"name":"(anonymous_0)","decl":{"start":{"line":15,"column":23},"end":{"line":15,"column":24}},"loc":{"start":{"line":15,"column":45},"end":{"line":17,"column":5}},"line":15},"1":{"name":"(anonymous_1)","decl":{"start":{"line":19,"column":4},"end":{"line":19,"column":5}},"loc":{"start":{"line":19,"column":13},"end":{"line":42,"column":5}},"line":19},"2":{"name":"(anonymous_2)","decl":{"start":{"line":30,"column":27},"end":{"line":30,"column":28}},"loc":{"start":{"line":31,"column":20},"end":{"line":38,"column":25}},"line":31}},"branchMap":{},"s":{"0":0,"1":0,"2":0,"3":0},"f":{"0":0,"1":0,"2":0},"b":{},"_coverageSchema":"332fd63041d2c1bcb487cc26dd0d5f7d97098a6c","hash":"01fe8358fec69ad6dbfa00458c42f6f28719be9e"}
,"/Users/Wellington/Desktop/desafios/udacity/udacity-react-nanodegree/reactnd-project-myreads-starter/src/Bookshelf.js": {"path":"/Users/Wellington/Desktop/desafios/udacity/udacity-react-nanodegree/reactnd-project-myreads-starter/src/Bookshelf.js","statementMap":{"0":{"start":{"line":14,"column":8},"end":{"line":14,"column":64}},"1":{"start":{"line":19,"column":42},"end":{"line":19,"column":52}},"2":{"start":{"line":21,"column":8},"end":{"line":30,"column":10}}},"fnMap":{"0":{"name":"(anonymous_0)","decl":{"start":{"line":13,"column":27},"end":{"line":13,"column":28}},"loc":{"start":{"line":13,"column":49},"end":{"line":15,"column":5}},"line":13},"1":{"name":"(anonymous_1)","decl":{"start":{"line":17,"column":4},"end":{"line":17,"column":5}},"loc":{"start":{"line":17,"column":13},"end":{"line":31,"column":5}},"line":17}},"branchMap":{},"s":{"0":0,"1":0,"2":0},"f":{"0":0,"1":0},"b":{},"_coverageSchema":"332fd63041d2c1bcb487cc26dd0d5f7d97098a6c","hash":"9672d8aee707f4d899e6d9d16512af2ad13dc290"}
,"/Users/Wellington/Desktop/desafios/udacity/udacity-react-nanodegree/reactnd-project-myreads-starter/src/BookshelfChanger.js": {"path":"/Users/Wellington/Desktop/desafios/udacity/udacity-react-nanodegree/reactnd-project-myreads-starter/src/BookshelfChanger.js","statementMap":{"0":{"start":{"line":12,"column":8},"end":{"line":12,"column":56}},"1":{"start":{"line":13,"column":8},"end":{"line":13,"column":59}},"2":{"start":{"line":17,"column":31},"end":{"line":17,"column":41}},"3":{"start":{"line":18,"column":8},"end":{"line":28,"column":10}}},"fnMap":{"0":{"name":"(anonymous_0)","decl":{"start":{"line":11,"column":13},"end":{"line":11,"column":14}},"loc":{"start":{"line":11,"column":24},"end":{"line":14,"column":5}},"line":11},"1":{"name":"(anonymous_1)","decl":{"start":{"line":16,"column":4},"end":{"line":16,"column":5}},"loc":{"start":{"line":16,"column":13},"end":{"line":29,"column":5}},"line":16}},"branchMap":{},"s":{"0":0,"1":0,"2":0,"3":0},"f":{"0":0,"1":0},"b":{},"_coverageSchema":"332fd63041d2c1bcb487cc26dd0d5f7d97098a6c","hash":"611860ab3b27d330b24af98d7aa9ae8c80ddebf0"}
,"/Users/Wellington/Desktop/desafios/udacity/udacity-react-nanodegree/reactnd-project-myreads-starter/src/If.js": {"path":"/Users/Wellington/Desktop/desafios/udacity/udacity-react-nanodegree/reactnd-project-myreads-starter/src/If.js","statementMap":{"0":{"start":{"line":1,"column":11},"end":{"line":1,"column":58}},"1":{"start":{"line":1,"column":34},"end":{"line":1,"column":57}}},"fnMap":{"0":{"name":"(anonymous_0)","decl":{"start":{"line":1,"column":11},"end":{"line":1,"column":12}},"loc":{"start":{"line":1,"column":34},"end":{"line":1,"column":57}},"line":1}},"branchMap":{"0":{"loc":{"start":{"line":1,"column":34},"end":{"line":1,"column":57}},"type":"cond-expr","locations":[{"start":{"line":1,"column":41},"end":{"line":1,"column":49}},{"start":{"line":1,"column":52},"end":{"line":1,"column":57}}],"line":1}},"s":{"0":1,"1":0},"f":{"0":0},"b":{"0":[0,0]},"_coverageSchema":"332fd63041d2c1bcb487cc26dd0d5f7d97098a6c","hash":"cd9b6e4d3d08ceaee4f40a2a07ee6d1618cbbae4"}
,"/Users/Wellington/Desktop/desafios/udacity/udacity-react-nanodegree/reactnd-project-myreads-starter/src/SearchBooks.js": {"path":"/Users/Wellington/Desktop/desafios/udacity/udacity-react-nanodegree/reactnd-project-myreads-starter/src/SearchBooks.js","statementMap":{"0":{"start":{"line":7,"column":16},"end":{"line":7,"column":50}},"1":{"start":{"line":25,"column":8},"end":{"line":25,"column":41}},"2":{"start":{"line":29,"column":8},"end":{"line":29,"column":63}},"3":{"start":{"line":33,"column":7},"end":{"line":33,"column":42}},"4":{"start":{"line":34,"column":7},"end":{"line":39,"column":10}},"5":{"start":{"line":35,"column":9},"end":{"line":35,"column":45}},"6":{"start":{"line":36,"column":9},"end":{"line":38,"column":10}},"7":{"start":{"line":37,"column":11},"end":{"line":37,"column":43}},"8":{"start":{"line":43,"column":8},"end":{"line":43,"column":35}},"9":{"start":{"line":47,"column":8},"end":{"line":47,"column":61}},"10":{"start":{"line":52,"column":66},"end":{"line":52,"column":76}},"11":{"start":{"line":54,"column":59},"end":{"line":54,"column":69}},"12":{"start":{"line":56,"column":8},"end":{"line":75,"column":10}}},"fnMap":{"0":{"name":"(anonymous_0)","decl":{"start":{"line":24,"column":26},"end":{"line":24,"column":27}},"loc":{"start":{"line":24,"column":45},"end":{"line":26,"column":5}},"line":24},"1":{"name":"(anonymous_1)","decl":{"start":{"line":28,"column":30},"end":{"line":28,"column":31}},"loc":{"start":{"line":28,"column":46},"end":{"line":30,"column":5}},"line":28},"2":{"name":"(anonymous_2)","decl":{"start":{"line":32,"column":20},"end":{"line":32,"column":21}},"loc":{"start":{"line":32,"column":31},"end":{"line":40,"column":5}},"line":32},"3":{"name":"(anonymous_3)","decl":{"start":{"line":34,"column":39},"end":{"line":34,"column":40}},"loc":{"start":{"line":34,"column":50},"end":{"line":39,"column":8}},"line":34},"4":{"name":"(anonymous_4)","decl":{"start":{"line":42,"column":20},"end":{"line":42,"column":21}},"loc":{"start":{"line":42,"column":25},"end":{"line":44,"column":5}},"line":42},"5":{"name":"(anonymous_5)","decl":{"start":{"line":46,"column":33},"end":{"line":46,"column":34}},"loc":{"start":{"line":46,"column":55},"end":{"line":48,"column":5}},"line":46},"6":{"name":"(anonymous_6)","decl":{"start":{"line":50,"column":4},"end":{"line":50,"column":5}},"loc":{"start":{"line":50,"column":13},"end":{"line":76,"column":5}},"line":50}},"branchMap":{"0":{"loc":{"start":{"line":36,"column":9},"end":{"line":38,"column":10}},"type":"if","locations":[{"start":{"line":36,"column":9},"end":{"line":38,"column":10}},{"start":{"line":36,"column":9},"end":{"line":38,"column":10}}],"line":36},"1":{"loc":{"start":{"line":36,"column":12},"end":{"line":36,"column":37}},"type":"binary-expr","locations":[{"start":{"line":36,"column":12},"end":{"line":36,"column":17}},{"start":{"line":36,"column":21},"end":{"line":36,"column":37}}],"line":36}},"s":{"0":1,"1":0,"2":0,"3":0,"4":0,"5":0,"6":0,"7":0,"8":0,"9":0,"10":0,"11":0,"12":0},"f":{"0":0,"1":0,"2":0,"3":0,"4":0,"5":0,"6":0},"b":{"0":[0,0],"1":[0,0]},"_coverageSchema":"332fd63041d2c1bcb487cc26dd0d5f7d97098a6c","hash":"f39b186aace34a5422540a1f978934b538071e0b"}
,"/Users/Wellington/Desktop/desafios/udacity/udacity-react-nanodegree/reactnd-project-myreads-starter/src/SearchBooksBar.js": {"path":"/Users/Wellington/Desktop/desafios/udacity/udacity-react-nanodegree/reactnd-project-myreads-starter/src/SearchBooksBar.js","statementMap":{"0":{"start":{"line":16,"column":4},"end":{"line":16,"column":28}},"1":{"start":{"line":17,"column":4},"end":{"line":19,"column":5}},"2":{"start":{"line":18,"column":6},"end":{"line":18,"column":38}},"3":{"start":{"line":24,"column":22},"end":{"line":24,"column":32}},"4":{"start":{"line":26,"column":4},"end":{"line":37,"column":6}},"5":{"start":{"line":28,"column":53},"end":{"line":28,"column":79}},"6":{"start":{"line":34,"column":35},"end":{"line":34,"column":71}}},"fnMap":{"0":{"name":"(anonymous_0)","decl":{"start":{"line":15,"column":16},"end":{"line":15,"column":17}},"loc":{"start":{"line":15,"column":27},"end":{"line":20,"column":3}},"line":15},"1":{"name":"(anonymous_1)","decl":{"start":{"line":22,"column":2},"end":{"line":22,"column":3}},"loc":{"start":{"line":22,"column":11},"end":{"line":38,"column":3}},"line":22},"2":{"name":"(anonymous_2)","decl":{"start":{"line":28,"column":47},"end":{"line":28,"column":48}},"loc":{"start":{"line":28,"column":53},"end":{"line":28,"column":79}},"line":28},"3":{"name":"(anonymous_3)","decl":{"start":{"line":34,"column":24},"end":{"line":34,"column":25}},"loc":{"start":{"line":34,"column":35},"end":{"line":34,"column":71}},"line":34}},"branchMap":{"0":{"loc":{"start":{"line":17,"column":4},"end":{"line":19,"column":5}},"type":"if","locations":[{"start":{"line":17,"column":4},"end":{"line":19,"column":5}},{"start":{"line":17,"column":4},"end":{"line":19,"column":5}}],"line":17}},"s":{"0":0,"1":0,"2":0,"3":0,"4":0,"5":0,"6":0},"f":{"0":0,"1":0,"2":0,"3":0},"b":{"0":[0,0]},"_coverageSchema":"332fd63041d2c1bcb487cc26dd0d5f7d97098a6c","hash":"68a4b80a06a1ec2d7621465453d6391541410f61"}
,"/Users/Wellington/Desktop/desafios/udacity/udacity-react-nanodegree/reactnd-project-myreads-starter/src/SearchBooksResults.js": {"path":"/Users/Wellington/Desktop/desafios/udacity/udacity-react-nanodegree/reactnd-project-myreads-starter/src/SearchBooksResults.js","statementMap":{"0":{"start":{"line":16,"column":8},"end":{"line":16,"column":54}},"1":{"start":{"line":26,"column":12},"end":{"line":26,"column":22}},"2":{"start":{"line":28,"column":8},"end":{"line":37,"column":10}}},"fnMap":{"0":{"name":"(anonymous_0)","decl":{"start":{"line":15,"column":27},"end":{"line":15,"column":28}},"loc":{"start":{"line":15,"column":49},"end":{"line":17,"column":5}},"line":15},"1":{"name":"(anonymous_1)","decl":{"start":{"line":19,"column":4},"end":{"line":19,"column":5}},"loc":{"start":{"line":19,"column":13},"end":{"line":38,"column":5}},"line":19}},"branchMap":{},"s":{"0":0,"1":0,"2":0},"f":{"0":0,"1":0},"b":{},"_coverageSchema":"332fd63041d2c1bcb487cc26dd0d5f7d97098a6c","hash":"853db3301810d3ddd3e7737628dc898b29577b95"}
,"/Users/Wellington/Desktop/desafios/udacity/udacity-react-nanodegree/reactnd-project-myreads-starter/src/setupTests.js": {"path":"/Users/Wellington/Desktop/desafios/udacity/udacity-react-nanodegree/reactnd-project-myreads-starter/src/setupTests.js","statementMap":{"0":{"start":{"line":2,"column":25},"end":{"line":7,"column":3}},"1":{"start":{"line":8,"column":2},"end":{"line":8,"column":41}}},"fnMap":{},"branchMap":{},"s":{"0":1,"1":1},"f":{},"b":{},"_coverageSchema":"332fd63041d2c1bcb487cc26dd0d5f7d97098a6c","hash":"c79323023b7434456d7b9813a4cc84aefbbb2783"}
}
