TN:
SF:/Users/Wellington/Desktop/desafios/udacity/udacity-react-nanodegree/reactnd-project-myreads-starter/src/App.js
FN:6,_interopRequireDefault
FN:55,(anonymous_1)
FN:55,(anonymous_2)
FN:57,(anonymous_3)
FN:68,(anonymous_4)
FN:76,(anonymous_5)
FN:81,(anonymous_6)
FNF:7
FNH:0
FNDA:0,_interopRequireDefault
FNDA:0,(anonymous_1)
FNDA:0,(anonymous_2)
FNDA:0,(anonymous_3)
FNDA:0,(anonymous_4)
FNDA:0,(anonymous_5)
FNDA:0,(anonymous_6)
DA:1,0
DA:6,0
DA:8,0
DA:55,0
DA:64,0
DA:66,0
DA:69,0
DA:77,0
DA:81,0
LF:9
LH:0
BRDA:6,0,0,0
BRDA:6,0,1,0
BRDA:6,1,0,0
BRDA:6,1,1,0
BRF:4
BRH:0
end_of_record
TN:
SF:/Users/Wellington/Desktop/desafios/udacity/udacity-react-nanodegree/reactnd-project-myreads-starter/src/Book.js
FN:19,(anonymous_0)
FN:23,(anonymous_1)
FN:31,(anonymous_2)
FN:32,(anonymous_3)
FN:33,(anonymous_4)
FN:47,(anonymous_5)
FN:51,(anonymous_6)
FN:59,(anonymous_7)
FN:73,(anonymous_8)
FNF:9
FNH:9
FNDA:6,(anonymous_0)
FNDA:6,(anonymous_1)
FNDA:4,(anonymous_2)
FNDA:4,(anonymous_3)
FNDA:4,(anonymous_4)
FNDA:1,(anonymous_5)
FNDA:6,(anonymous_6)
FNDA:6,(anonymous_7)
FNDA:10,(anonymous_8)
DA:20,6
DA:24,6
DA:25,6
DA:26,6
DA:28,6
DA:30,6
DA:31,5
DA:32,5
DA:33,5
DA:35,5
DA:36,1
DA:37,4
DA:38,1
DA:39,3
DA:40,2
DA:44,6
DA:48,1
DA:52,6
DA:53,3
DA:55,3
DA:61,6
DA:63,6
DA:74,10
LF:23
LH:23
BRDA:30,0,0,5
BRDA:30,0,1,1
BRDA:30,1,0,6
BRDA:30,1,1,5
BRDA:30,1,2,5
BRDA:35,2,0,1
BRDA:35,2,1,4
BRDA:37,3,0,1
BRDA:37,3,1,3
BRDA:39,4,0,2
BRDA:39,4,1,1
BRDA:52,5,0,3
BRDA:52,5,1,3
BRDA:52,6,0,6
BRDA:52,6,1,6
BRDA:69,7,0,5
BRDA:69,7,1,1
BRDA:73,8,0,5
BRDA:73,8,1,1
BRF:19
BRH:19
end_of_record
TN:
SF:/Users/Wellington/Desktop/desafios/udacity/udacity-react-nanodegree/reactnd-project-myreads-starter/src/BookList.js
FN:5,_interopRequireDefault
FN:23,(anonymous_1)
FNF:2
FNH:0
FNDA:0,_interopRequireDefault
FNDA:0,(anonymous_1)
DA:1,0
DA:5,0
DA:7,0
DA:30,0
DA:32,0
LF:5
LH:0
BRDA:5,0,0,0
BRDA:5,0,1,0
BRDA:5,1,0,0
BRDA:5,1,1,0
BRF:4
BRH:0
end_of_record
TN:
SF:/Users/Wellington/Desktop/desafios/udacity/udacity-react-nanodegree/reactnd-project-myreads-starter/src/BooksAPI.js
FN:15,(anonymous_0)
FN:17,(anonymous_1)
FN:18,(anonymous_2)
FN:20,(anonymous_3)
FN:22,(anonymous_4)
FN:23,(anonymous_5)
FN:25,(anonymous_6)
FN:33,(anonymous_7)
FN:35,(anonymous_8)
FN:43,(anonymous_9)
FN:44,(anonymous_10)
FNF:11
FNH:0
FNDA:0,(anonymous_0)
FNDA:0,(anonymous_1)
FNDA:0,(anonymous_2)
FNDA:0,(anonymous_3)
FNDA:0,(anonymous_4)
FNDA:0,(anonymous_5)
FNDA:0,(anonymous_6)
FNDA:0,(anonymous_7)
FNDA:0,(anonymous_8)
FNDA:0,(anonymous_9)
FNDA:0,(anonymous_10)
DA:1,0
DA:2,0
DA:6,0
DA:7,0
DA:8,0
DA:10,0
DA:15,0
DA:16,0
DA:17,0
DA:18,0
DA:20,0
DA:21,0
DA:22,0
DA:23,0
DA:25,0
DA:26,0
DA:33,0
DA:35,0
DA:36,0
DA:43,0
DA:44,0
LF:21
LH:0
BRDA:7,0,0,0
BRDA:7,0,1,0
BRF:2
BRH:0
end_of_record
TN:
SF:/Users/Wellington/Desktop/desafios/udacity/udacity-react-nanodegree/reactnd-project-myreads-starter/src/BooksGrid.js
FN:3,_interopRequireDefault
FN:19,(anonymous_1)
FN:30,(anonymous_2)
FNF:3
FNH:0
FNDA:0,_interopRequireDefault
FNDA:0,(anonymous_1)
FNDA:0,(anonymous_2)
DA:1,0
DA:3,0
DA:26,0
DA:28,0
DA:31,0
LF:5
LH:0
BRDA:3,0,0,0
BRDA:3,0,1,0
BRDA:3,1,0,0
BRDA:3,1,1,0
BRF:4
BRH:0
end_of_record
TN:
SF:/Users/Wellington/Desktop/desafios/udacity/udacity-react-nanodegree/reactnd-project-myreads-starter/src/Bookshelf.js
FN:3,_interopRequireDefault
FN:17,(anonymous_1)
FNF:2
FNH:0
FNDA:0,_interopRequireDefault
FNDA:0,(anonymous_1)
DA:1,0
DA:3,0
DA:19,0
DA:21,0
LF:4
LH:0
BRDA:3,0,0,0
BRDA:3,0,1,0
BRDA:3,1,0,0
BRDA:3,1,1,0
BRF:4
BRH:0
end_of_record
TN:
SF:/Users/Wellington/Desktop/desafios/udacity/udacity-react-nanodegree/reactnd-project-myreads-starter/src/BookshelfChanger.js
FN:11,(anonymous_0)
FN:16,(anonymous_1)
FNF:2
FNH:0
FNDA:0,(anonymous_0)
FNDA:0,(anonymous_1)
DA:12,0
DA:13,0
DA:17,0
DA:18,0
LF:4
LH:0
BRF:0
BRH:0
end_of_record
TN:
SF:/Users/Wellington/Desktop/desafios/udacity/udacity-react-nanodegree/reactnd-project-myreads-starter/src/If.js
FN:1,(anonymous_0)
FNF:1
FNH:0
FNDA:0,(anonymous_0)
DA:1,0
LF:1
LH:0
BRDA:1,0,0,0
BRDA:1,0,1,0
BRF:2
BRH:0
end_of_record
TN:
SF:/Users/Wellington/Desktop/desafios/udacity/udacity-react-nanodegree/reactnd-project-myreads-starter/src/SearchBooks.js
FN:5,_interopRequireDefault
FN:50,(anonymous_1)
FNF:2
FNH:0
FNDA:0,_interopRequireDefault
FNDA:0,(anonymous_1)
DA:1,0
DA:5,0
DA:7,0
DA:52,0
DA:54,0
DA:56,0
LF:6
LH:0
BRDA:5,0,0,0
BRDA:5,0,1,0
BRDA:5,1,0,0
BRDA:5,1,1,0
BRF:4
BRH:0
end_of_record
TN:
SF:/Users/Wellington/Desktop/desafios/udacity/udacity-react-nanodegree/reactnd-project-myreads-starter/src/SearchBooksBar.js
FN:2,_interopRequireDefault
FN:25,(anonymous_1)
FN:31,(anonymous_2)
FN:37,(anonymous_3)
FNF:4
FNH:0
FNDA:0,_interopRequireDefault
FNDA:0,(anonymous_1)
FNDA:0,(anonymous_2)
FNDA:0,(anonymous_3)
DA:1,0
DA:2,0
DA:27,0
DA:29,0
DA:31,0
DA:37,0
LF:6
LH:0
BRDA:2,0,0,0
BRDA:2,0,1,0
BRDA:2,1,0,0
BRDA:2,1,1,0
BRF:4
BRH:0
end_of_record
TN:
SF:/Users/Wellington/Desktop/desafios/udacity/udacity-react-nanodegree/reactnd-project-myreads-starter/src/SearchBooksResults.js
FN:3,_interopRequireDefault
FN:19,(anonymous_1)
FNF:2
FNH:0
FNDA:0,_interopRequireDefault
FNDA:0,(anonymous_1)
DA:1,0
DA:3,0
DA:26,0
DA:28,0
LF:4
LH:0
BRDA:3,0,0,0
BRDA:3,0,1,0
BRDA:3,1,0,0
BRDA:3,1,1,0
BRF:4
BRH:0
end_of_record
TN:
SF:/Users/Wellington/Desktop/desafios/udacity/udacity-react-nanodegree/reactnd-project-myreads-starter/src/index.js
FNF:0
FNH:0
DA:1,0
LF:1
LH:0
BRF:0
BRH:0
end_of_record
