TN:
SF:/Users/Wellington/Desktop/desafios/udacity/udacity-react-nanodegree/reactnd-project-myreads-starter/src/App.js
FN:24,(anonymous_0)
FN:25,(anonymous_1)
FN:31,(anonymous_2)
FN:32,(anonymous_3)
FN:33,(anonymous_4)
FN:34,(anonymous_5)
FN:38,(anonymous_6)
FN:39,(anonymous_7)
FN:41,(anonymous_8)
FN:57,(anonymous_9)
FN:68,(anonymous_10)
FN:76,(anonymous_11)
FN:81,(anonymous_12)
FNF:13
FNH:1
FNDA:0,(anonymous_0)
FNDA:0,(anonymous_1)
FNDA:0,(anonymous_2)
FNDA:0,(anonymous_3)
FNDA:0,(anonymous_4)
FNDA:0,(anonymous_5)
FNDA:0,(anonymous_6)
FNDA:0,(anonymous_7)
FNDA:0,(anonymous_8)
FNDA:1,(anonymous_9)
FNDA:0,(anonymous_10)
FNDA:0,(anonymous_11)
FNDA:0,(anonymous_12)
DA:8,1
DA:25,0
DA:26,0
DA:27,0
DA:32,0
DA:33,0
DA:34,0
DA:35,0
DA:39,0
DA:41,0
DA:43,0
DA:44,0
DA:45,0
DA:47,0
DA:50,0
DA:52,0
DA:54,0
DA:64,1
DA:66,1
DA:69,0
DA:77,0
DA:81,0
LF:22
LH:3
BRDA:43,0,0,0
BRDA:43,0,1,0
BRF:2
BRH:0
end_of_record
TN:
SF:/Users/Wellington/Desktop/desafios/udacity/udacity-react-nanodegree/reactnd-project-myreads-starter/src/Book.js
FN:19,(anonymous_0)
FN:23,(anonymous_1)
FN:31,(anonymous_2)
FN:32,(anonymous_3)
FN:33,(anonymous_4)
FN:47,(anonymous_5)
FN:51,(anonymous_6)
FN:59,(anonymous_7)
FN:73,(anonymous_8)
FNF:9
FNH:9
FNDA:10,(anonymous_0)
FNDA:10,(anonymous_1)
FNDA:6,(anonymous_2)
FNDA:6,(anonymous_3)
FNDA:6,(anonymous_4)
FNDA:1,(anonymous_5)
FNDA:10,(anonymous_6)
FNDA:10,(anonymous_7)
FNDA:17,(anonymous_8)
DA:20,10
DA:24,10
DA:25,10
DA:26,10
DA:28,10
DA:30,10
DA:31,7
DA:32,7
DA:33,7
DA:35,7
DA:36,1
DA:37,6
DA:38,1
DA:39,5
DA:40,3
DA:44,10
DA:48,1
DA:52,10
DA:53,6
DA:55,4
DA:61,10
DA:63,10
DA:74,17
LF:23
LH:23
BRDA:30,0,0,7
BRDA:30,0,1,3
BRDA:30,1,0,10
BRDA:30,1,1,7
BRDA:30,1,2,7
BRDA:35,2,0,1
BRDA:35,2,1,6
BRDA:37,3,0,1
BRDA:37,3,1,5
BRDA:39,4,0,3
BRDA:39,4,1,2
BRDA:52,5,0,6
BRDA:52,5,1,4
BRDA:52,6,0,10
BRDA:52,6,1,9
BRDA:69,7,0,9
BRDA:69,7,1,1
BRDA:73,8,0,9
BRDA:73,8,1,1
BRF:19
BRH:19
end_of_record
TN:
SF:/Users/Wellington/Desktop/desafios/udacity/udacity-react-nanodegree/reactnd-project-myreads-starter/src/BookList.js
FN:19,(anonymous_0)
FN:23,(anonymous_1)
FNF:2
FNH:2
FNDA:1,(anonymous_0)
FNDA:2,(anonymous_1)
DA:7,2
DA:20,1
DA:30,2
DA:32,2
LF:4
LH:4
BRF:0
BRH:0
end_of_record
TN:
SF:/Users/Wellington/Desktop/desafios/udacity/udacity-react-nanodegree/reactnd-project-myreads-starter/src/BooksAPI.js
FN:15,(anonymous_0)
FN:17,(anonymous_1)
FN:18,(anonymous_2)
FN:20,(anonymous_3)
FN:22,(anonymous_4)
FN:23,(anonymous_5)
FN:25,(anonymous_6)
FN:33,(anonymous_7)
FN:36,(anonymous_8)
FN:44,(anonymous_9)
FN:45,(anonymous_10)
FNF:11
FNH:3
FNDA:0,(anonymous_0)
FNDA:0,(anonymous_1)
FNDA:0,(anonymous_2)
FNDA:0,(anonymous_3)
FNDA:0,(anonymous_4)
FNDA:0,(anonymous_5)
FNDA:0,(anonymous_6)
FNDA:0,(anonymous_7)
FNDA:2,(anonymous_8)
FNDA:2,(anonymous_9)
FNDA:2,(anonymous_10)
DA:2,2
DA:6,2
DA:7,2
DA:8,0
DA:10,2
DA:15,2
DA:16,0
DA:17,0
DA:18,0
DA:20,2
DA:21,0
DA:22,0
DA:23,0
DA:25,2
DA:26,0
DA:33,0
DA:35,2
DA:36,2
DA:37,2
DA:44,2
DA:45,2
LF:21
LH:12
BRDA:7,0,0,0
BRDA:7,0,1,2
BRF:2
BRH:1
end_of_record
TN:
SF:/Users/Wellington/Desktop/desafios/udacity/udacity-react-nanodegree/reactnd-project-myreads-starter/src/BooksGrid.js
FN:15,(anonymous_0)
FN:19,(anonymous_1)
FN:30,(anonymous_2)
FNF:3
FNH:3
FNDA:1,(anonymous_0)
FNDA:10,(anonymous_1)
FNDA:5,(anonymous_2)
DA:16,1
DA:26,10
DA:28,10
DA:31,5
LF:4
LH:4
BRF:0
BRH:0
end_of_record
TN:
SF:/Users/Wellington/Desktop/desafios/udacity/udacity-react-nanodegree/reactnd-project-myreads-starter/src/Bookshelf.js
FN:13,(anonymous_0)
FN:17,(anonymous_1)
FNF:2
FNH:2
FNDA:1,(anonymous_0)
FNDA:2,(anonymous_1)
DA:14,1
DA:19,2
DA:21,2
LF:3
LH:3
BRF:0
BRH:0
end_of_record
TN:
SF:/Users/Wellington/Desktop/desafios/udacity/udacity-react-nanodegree/reactnd-project-myreads-starter/src/BookshelfChanger.js
FN:11,(anonymous_0)
FN:16,(anonymous_1)
FNF:2
FNH:2
FNDA:1,(anonymous_0)
FNDA:8,(anonymous_1)
DA:12,1
DA:13,1
DA:17,8
DA:18,8
LF:4
LH:4
BRF:0
BRH:0
end_of_record
TN:
SF:/Users/Wellington/Desktop/desafios/udacity/udacity-react-nanodegree/reactnd-project-myreads-starter/src/If.js
FN:1,(anonymous_0)
FNF:1
FNH:1
FNDA:2,(anonymous_0)
DA:1,3
LF:1
LH:1
BRDA:1,0,0,1
BRDA:1,0,1,1
BRF:2
BRH:2
end_of_record
TN:
SF:/Users/Wellington/Desktop/desafios/udacity/udacity-react-nanodegree/reactnd-project-myreads-starter/src/SearchBooks.js
FN:24,(anonymous_0)
FN:28,(anonymous_1)
FN:32,(anonymous_2)
FN:34,(anonymous_3)
FN:42,(anonymous_4)
FN:46,(anonymous_5)
FN:50,(anonymous_6)
FNF:7
FNH:7
FNDA:1,(anonymous_0)
FNDA:4,(anonymous_1)
FNDA:2,(anonymous_2)
FNDA:2,(anonymous_3)
FNDA:1,(anonymous_4)
FNDA:1,(anonymous_5)
FNDA:10,(anonymous_6)
DA:7,2
DA:25,1
DA:29,4
DA:33,2
DA:34,2
DA:35,2
DA:36,2
DA:37,1
DA:43,1
DA:47,1
DA:52,10
DA:54,10
DA:56,10
LF:13
LH:13
BRDA:36,0,0,1
BRDA:36,0,1,1
BRDA:36,1,0,2
BRDA:36,1,1,2
BRF:4
BRH:4
end_of_record
TN:
SF:/Users/Wellington/Desktop/desafios/udacity/udacity-react-nanodegree/reactnd-project-myreads-starter/src/SearchBooksBar.js
FN:15,(anonymous_0)
FN:22,(anonymous_1)
FN:28,(anonymous_2)
FN:34,(anonymous_3)
FNF:4
FNH:4
FNDA:2,(anonymous_0)
FNDA:14,(anonymous_1)
FNDA:1,(anonymous_2)
FNDA:2,(anonymous_3)
DA:16,2
DA:17,2
DA:18,1
DA:24,14
DA:26,14
DA:28,1
DA:34,2
LF:7
LH:7
BRDA:17,0,0,1
BRDA:17,0,1,1
BRF:2
BRH:2
end_of_record
TN:
SF:/Users/Wellington/Desktop/desafios/udacity/udacity-react-nanodegree/reactnd-project-myreads-starter/src/SearchBooksResults.js
FN:15,(anonymous_0)
FN:19,(anonymous_1)
FNF:2
FNH:2
FNDA:1,(anonymous_0)
FNDA:8,(anonymous_1)
DA:16,1
DA:26,8
DA:28,8
LF:3
LH:3
BRF:0
BRH:0
end_of_record
TN:
SF:/Users/Wellington/Desktop/desafios/udacity/udacity-react-nanodegree/reactnd-project-myreads-starter/src/setupTests.js
FNF:0
FNH:0
DA:2,10
DA:8,10
LF:2
LH:2
BRF:0
BRH:0
end_of_record
